#
# There is insufficient memory for the Java Runtime Environment to continue.
# Native memory allocation (malloc) failed to allocate 1048576 bytes for AllocateHeap
# Possible reasons:
#   The system is out of physical RAM or swap space
#   In 32 bit mode, the process size limit was hit
# Possible solutions:
#   Reduce memory load on the system
#   Increase physical memory or swap space
#   Check if swap backing store is full
#   Use 64 bit Java on a 64 bit OS
#   Decrease Java heap size (-Xmx/-Xms)
#   Decrease number of Java threads
#   Decrease Java thread stack sizes (-Xss)
#   Set larger code cache with -XX:ReservedCodeCacheSize=
# This output file may be truncated or incomplete.
#
#  Out of Memory Error (memory/allocation.inline.hpp:61), pid=9936, tid=0x000000000000331c
#
# JRE version:  (8.0_92-b14) (build )
# Java VM: Java HotSpot(TM) 64-Bit Server VM (25.92-b14 mixed mode windows-amd64 compressed oops)
# Failed to write core dump. Minidumps are not enabled by default on client versions of Windows
#

---------------  T H R E A D  ---------------

Current thread (0x0000000002850800):  JavaThread "Unknown thread" [_thread_in_vm, id=13084, stack(0x0000000000e50000,0x0000000000f50000)]

Stack: [0x0000000000e50000,0x0000000000f50000]
[error occurred during error reporting (printing stack bounds), id 0xc0000005]

Native frames: (J=compiled Java code, j=interpreted, Vv=VM code, C=native code)


---------------  P R O C E S S  ---------------

Java Threads: ( => current thread )

Other Threads:

=>0x0000000002850800 (exited) JavaThread "Unknown thread" [_thread_in_vm, id=13084, stack(0x0000000000e50000,0x0000000000f50000)]

VM state:not at safepoint (normal execution)

VM Mutex/Monitor currently owned by a thread: None

Heap:
 PSYoungGen      total 38400K, used 665K [0x00000000eab00000, 0x00000000ed580000, 0x0000000100000000)
  eden space 33280K, 2% used [0x00000000eab00000,0x00000000eaba6670,0x00000000ecb80000)
  from space 5120K, 0% used [0x00000000ed080000,0x00000000ed080000,0x00000000ed580000)
  to   space 5120K, 0% used [0x00000000ecb80000,0x00000000ecb80000,0x00000000ed080000)
 ParOldGen       total 87552K, used 0K [0x00000000c0000000, 0x00000000c5580000, 0x00000000eab00000)
  object space 87552K, 0% used [0x00000000c0000000,0x00000000c0000000,0x00000000c5580000)
 Metaspace       used 769K, capacity 4480K, committed 4480K, reserved 1056768K
  class space    used 75K, capacity 384K, committed 384K, reserved 1048576K

Card table byte_map: [0x0000000011d10000,0x0000000011f20000] byte_map_base: 0x0000000011710000

Marking Bits: (ParMarkBitMap*) 0x00000000722064f0
 Begin Bits: [0x0000000012480000, 0x0000000013480000)
 End Bits:   [0x0000000013480000, 0x0000000014480000)

Polling page: 0x0000000000b20000

CodeCache: size=245760Kb used=328Kb max_used=328Kb free=245431Kb
 bounds [0x0000000002950000, 0x0000000002bc0000, 0x0000000011950000]
 total_blobs=58 nmethods=0 adapters=38
 compilation: enabled

Compilation events (0 events):
No events

GC Heap History (0 events):
No events

Deoptimization events (0 events):
No events

Internal exceptions (0 events):
No events

Events (10 events):
Event: 0.509 loading class java/lang/Short
Event: 0.509 loading class java/lang/Short done
Event: 0.509 loading class java/lang/Integer
Event: 0.510 loading class java/lang/Integer done
Event: 0.510 loading class java/lang/Long
Event: 0.510 loading class java/lang/Long done
Event: 0.511 loading class java/lang/NullPointerException
Event: 0.512 loading class java/lang/NullPointerException done
Event: 0.512 loading class java/lang/ArithmeticException
Event: 0.512 loading class java/lang/ArithmeticException done


Dynamic libraries:
0x00007ff63ed10000 - 0x00007ff63ed47000 	C:\Program Files\Java\jdk1.8.0_92\bin\java.exe
0x00007ffedf610000 - 0x00007ffedf7d1000 	C:\Windows\SYSTEM32\ntdll.dll
0x00007ffede920000 - 0x00007ffede9cd000 	C:\Windows\system32\KERNEL32.DLL
0x00007ffedbd10000 - 0x00007ffedbef8000 	C:\Windows\system32\KERNELBASE.dll
0x00007ffedcd10000 - 0x00007ffedcdb7000 	C:\Windows\system32\ADVAPI32.dll
0x00007ffede880000 - 0x00007ffede91d000 	C:\Windows\system32\msvcrt.dll
0x00007ffedccb0000 - 0x00007ffedcd0b000 	C:\Windows\system32\sechost.dll
0x00007ffedcf30000 - 0x00007ffedd04c000 	C:\Windows\system32\RPCRT4.dll
0x00007ffedcdd0000 - 0x00007ffedcf26000 	C:\Windows\system32\USER32.dll
0x00007ffedf320000 - 0x00007ffedf4a6000 	C:\Windows\system32\GDI32.dll
0x00007ffecce50000 - 0x00007ffecd0c4000 	C:\Windows\WinSxS\amd64_microsoft.windows.common-controls_6595b64144ccf1df_6.0.10586.494_none_a2d8b04ea53e3145\COMCTL32.dll
0x00007ffedca10000 - 0x00007ffedcc8d000 	C:\Windows\system32\combase.dll
0x00007ffedc160000 - 0x00007ffedc1ca000 	C:\Windows\system32\bcryptPrimitives.dll
0x00007ffedd1d0000 - 0x00007ffedd20b000 	C:\Windows\system32\IMM32.DLL
0x0000000071910000 - 0x00000000719e2000 	C:\Program Files\Java\jdk1.8.0_92\jre\bin\msvcr100.dll
0x00000000719f0000 - 0x0000000072286000 	C:\Program Files\Java\jdk1.8.0_92\jre\bin\server\jvm.dll
0x00007ffedeed0000 - 0x00007ffedeed8000 	C:\Windows\system32\PSAPI.DLL
0x00007ffec6d10000 - 0x00007ffec6d19000 	C:\Windows\SYSTEM32\WSOCK32.dll
0x00007ffedf2b0000 - 0x00007ffedf31b000 	C:\Windows\system32\WS2_32.dll
0x00007ffeda360000 - 0x00007ffeda383000 	C:\Windows\SYSTEM32\WINMM.dll
0x00007ffed4280000 - 0x00007ffed428a000 	C:\Windows\SYSTEM32\VERSION.dll
0x00007ffeda300000 - 0x00007ffeda32c000 	C:\Windows\SYSTEM32\WINMMBASE.dll
0x00007ffedbcc0000 - 0x00007ffedbd03000 	C:\Windows\system32\cfgmgr32.dll
0x0000000071900000 - 0x000000007190f000 	C:\Program Files\Java\jdk1.8.0_92\jre\bin\verify.dll
0x00000000718d0000 - 0x00000000718f9000 	C:\Program Files\Java\jdk1.8.0_92\jre\bin\java.dll
0x00000000718b0000 - 0x00000000718c6000 	C:\Program Files\Java\jdk1.8.0_92\jre\bin\zip.dll

VM Arguments:
jvm_args: -Djava.awt.headless=true -Xmx1024M -Dfile.encoding=windows-1251 -Duser.country=US -Duser.language=en -Duser.variant 
java_command: com.android.dx.command.Main --dex --force-jumbo --num-threads=4 --output E:\Android\Projects\SeedeCommerce\app\build\intermediates\pre-dexed\facebook\debug\javax.inject-1_c1fef2c05495989b56f1ed65445e369479641d07.jar C:\Users\andre\.gradle\caches\modules-2\files-2.1\javax.inject\javax.inject\1\6975da39a7040257bd51d21a231b76c915872d38\javax.inject-1.jar
java_class_path (initial): E:\Android\Android_SDK\build-tools\24.0.0\lib\dx.jar
Launcher Type: SUN_STANDARD

Environment Variables:
PATH=C:\ProgramData\Oracle\Java\javapath;C:\Windows\system32;C:\Windows;C:\Windows\System32\Wbem;C:\Windows\System32\WindowsPowerShell\v1.0\;C:\Program Files\Git\cmd;C:\Program Files (x86)\Skype\Phone\
USERNAME=andre
OS=Windows_NT
PROCESSOR_IDENTIFIER=Intel64 Family 6 Model 42 Stepping 7, GenuineIntel



---------------  S Y S T E M  ---------------

OS: Windows 10.0 , 64 bit Build 10586 (10.0.10586.0)

CPU:total 4 (2 cores per cpu, 2 threads per core) family 6 model 42 stepping 7, cmov, cx8, fxsr, mmx, sse, sse2, sse3, ssse3, sse4.1, sse4.2, popcnt, avx, aes, clmul, ht, tsc, tscinvbit

Memory: 4k page, physical 8266680k(322412k free), swap 17495732k(6804k free)

vm_info: Java HotSpot(TM) 64-Bit Server VM (25.92-b14) for windows-amd64 JRE (1.8.0_92-b14), built on Mar 31 2016 21:03:04 by "java_re" with MS VC++ 10.0 (VS2010)

time: Wed Aug 24 14:46:34 2016
elapsed time: 0 seconds (0d 0h 0m 0s)

