#
# There is insufficient memory for the Java Runtime Environment to continue.
# Native memory allocation (malloc) failed to allocate 1130976 bytes for Chunk::new
# Possible reasons:
#   The system is out of physical RAM or swap space
#   In 32 bit mode, the process size limit was hit
# Possible solutions:
#   Reduce memory load on the system
#   Increase physical memory or swap space
#   Check if swap backing store is full
#   Use 64 bit Java on a 64 bit OS
#   Decrease Java heap size (-Xmx/-Xms)
#   Decrease number of Java threads
#   Decrease Java thread stack sizes (-Xss)
#   Set larger code cache with -XX:ReservedCodeCacheSize=
# This output file may be truncated or incomplete.
#
#  Out of Memory Error (allocation.cpp:390), pid=12252, tid=0x00000000000030e8
#
# JRE version: Java(TM) SE Runtime Environment (8.0_92-b14) (build 1.8.0_92-b14)
# Java VM: Java HotSpot(TM) 64-Bit Server VM (25.92-b14 mixed mode windows-amd64 compressed oops)
# Failed to write core dump. Minidumps are not enabled by default on client versions of Windows
#

---------------  T H R E A D  ---------------

Current thread (0x00000000157db800):  JavaThread "C2 CompilerThread1" daemon [_thread_in_native, id=12520, stack(0x0000000016ed0000,0x0000000016fd0000)]

Stack: [0x0000000016ed0000,0x0000000016fd0000]
[error occurred during error reporting (printing stack bounds), id 0xc0000005]

Native frames: (J=compiled Java code, j=interpreted, Vv=VM code, C=native code)


Current CompileTask:
C2:  15040 2305       4       com.android.dx.ssa.ConstCollector::updateConstUses (248 bytes)


---------------  P R O C E S S  ---------------

Java Threads: ( => current thread )
  0x00000000170d5000 JavaThread "Service Thread" daemon [_thread_blocked, id=11572, stack(0x00000000174d0000,0x00000000175d0000)]
  0x00000000157de000 JavaThread "C1 CompilerThread2" daemon [_thread_blocked, id=11824, stack(0x0000000016fd0000,0x00000000170d0000)]
=>0x00000000157db800 JavaThread "C2 CompilerThread1" daemon [_thread_in_native, id=12520, stack(0x0000000016ed0000,0x0000000016fd0000)]
  0x000000001577f000 JavaThread "C2 CompilerThread0" daemon [_thread_in_native, id=2584, stack(0x0000000016dd0000,0x0000000016ed0000)]
  0x000000001577d800 JavaThread "Attach Listener" daemon [_thread_blocked, id=16272, stack(0x0000000016cd0000,0x0000000016dd0000)]
  0x000000001577c800 JavaThread "Signal Dispatcher" daemon [_thread_blocked, id=14648, stack(0x0000000016bd0000,0x0000000016cd0000)]
  0x000000001576a800 JavaThread "Finalizer" daemon [_thread_blocked, id=14816, stack(0x00000000169f0000,0x0000000016af0000)]
  0x0000000015748800 JavaThread "Reference Handler" daemon [_thread_blocked, id=13572, stack(0x00000000168f0000,0x00000000169f0000)]
  0x0000000002fb0800 JavaThread "main" [_thread_in_Java, id=16988, stack(0x0000000002de0000,0x0000000002ee0000)]

Other Threads:
  0x0000000015748000 VMThread [stack: 0x00000000167f0000,0x00000000168f0000] [id=1436]
  0x00000000170f2000 WatcherThread [stack: 0x00000000175d0000,0x00000000176d0000] [id=7432]

VM state:not at safepoint (normal execution)

VM Mutex/Monitor currently owned by a thread: None

Heap:
 PSYoungGen      total 290816K, used 101625K [0x00000000eab00000, 0x00000000ff100000, 0x0000000100000000)
  eden space 261632K, 28% used [0x00000000eab00000,0x00000000ef434158,0x00000000faa80000)
  from space 29184K, 91% used [0x00000000fcb80000,0x00000000fe58a4f8,0x00000000fe800000)
  to   space 33792K, 0% used [0x00000000faa80000,0x00000000faa80000,0x00000000fcb80000)
 ParOldGen       total 87552K, used 45476K [0x00000000c0000000, 0x00000000c5580000, 0x00000000eab00000)
  object space 87552K, 51% used [0x00000000c0000000,0x00000000c2c69300,0x00000000c5580000)
 Metaspace       used 6662K, capacity 7320K, committed 7680K, reserved 1056768K
  class space    used 630K, capacity 656K, committed 768K, reserved 1048576K

Card table byte_map: [0x0000000012470000,0x0000000012680000] byte_map_base: 0x0000000011e70000

Marking Bits: (ParMarkBitMap*) 0x00000000722064f0
 Begin Bits: [0x0000000012be0000, 0x0000000013be0000)
 End Bits:   [0x0000000013be0000, 0x0000000014be0000)

Polling page: 0x0000000002ce0000

CodeCache: size=245760Kb used=11676Kb max_used=11699Kb free=234083Kb
 bounds [0x00000000030b0000, 0x0000000003c30000, 0x00000000120b0000]
 total_blobs=2607 nmethods=2337 adapters=182
 compilation: enabled

Compilation events (10 events):
Event: 14.704 Thread 0x00000000157de000 2410       3       com.android.dx.dex.code.StdCatchBuilder::hasAnyCatches (57 bytes)
Event: 14.705 Thread 0x00000000157de000 nmethod 2410 0x0000000003c08b90 code [0x0000000003c08d80, 0x0000000003c09ab8]
Event: 14.716 Thread 0x00000000157de000 2411       2       com.android.dx.dex.code.StdCatchBuilder::getCatchTypes (97 bytes)
Event: 14.717 Thread 0x00000000157de000 nmethod 2411 0x0000000003c0a010 code [0x0000000003c0a220, 0x0000000003c0a728]
Event: 14.813 Thread 0x000000001577f000 nmethod 2279 0x0000000003c12590 code [0x0000000003c12ac0, 0x0000000003c17558]
Event: 14.814 Thread 0x000000001577f000 2405       4       java.util.HashMap$HashIterator::nextNode (100 bytes)
Event: 14.819 Thread 0x000000001577f000 nmethod 2405 0x0000000003c0f290 code [0x0000000003c0f3e0, 0x0000000003c0f618]
Event: 14.819 Thread 0x000000001577f000 2093 %     4       com.android.dx.ssa.SsaConverter::edgeSplitPredecessors @ 12 (44 bytes)
Event: 15.009 Thread 0x000000001577f000 nmethod 2093% 0x0000000003c23a50 code [0x0000000003c23d40, 0x0000000003c26d78]
Event: 15.010 Thread 0x000000001577f000 2414 %     4       com.android.dx.dex.code.OutputFinisher::getAllConstants @ 18 (47 bytes)

GC Heap History (10 events):
Event: 7.057 GC heap before
{Heap before GC invocations=2 (full 0):
 PSYoungGen      total 38400K, used 38200K [0x00000000eab00000, 0x00000000ef600000, 0x0000000100000000)
  eden space 33280K, 100% used [0x00000000eab00000,0x00000000ecb80000,0x00000000ecb80000)
  from space 5120K, 96% used [0x00000000ecb80000,0x00000000ed04e378,0x00000000ed080000)
  to   space 5120K, 0% used [0x00000000ef100000,0x00000000ef100000,0x00000000ef600000)
 ParOldGen       total 87552K, used 8K [0x00000000c0000000, 0x00000000c5580000, 0x00000000eab00000)
  object space 87552K, 0% used [0x00000000c0000000,0x00000000c0002000,0x00000000c5580000)
 Metaspace       used 6168K, capacity 7026K, committed 7296K, reserved 1056768K
  class space    used 604K, capacity 618K, committed 640K, reserved 1048576K
Event: 7.271 GC heap after
Heap after GC invocations=2 (full 0):
 PSYoungGen      total 71680K, used 5107K [0x00000000eab00000, 0x00000000ef600000, 0x0000000100000000)
  eden space 66560K, 0% used [0x00000000eab00000,0x00000000eab00000,0x00000000eec00000)
  from space 5120K, 99% used [0x00000000ef100000,0x00000000ef5fcfa0,0x00000000ef600000)
  to   space 5120K, 0% used [0x00000000eec00000,0x00000000eec00000,0x00000000ef100000)
 ParOldGen       total 87552K, used 3543K [0x00000000c0000000, 0x00000000c5580000, 0x00000000eab00000)
  object space 87552K, 4% used [0x00000000c0000000,0x00000000c0375d70,0x00000000c5580000)
 Metaspace       used 6168K, capacity 7026K, committed 7296K, reserved 1056768K
  class space    used 604K, capacity 618K, committed 640K, reserved 1048576K
}
Event: 10.312 GC heap before
{Heap before GC invocations=3 (full 0):
 PSYoungGen      total 71680K, used 71667K [0x00000000eab00000, 0x00000000ef600000, 0x0000000100000000)
  eden space 66560K, 100% used [0x00000000eab00000,0x00000000eec00000,0x00000000eec00000)
  from space 5120K, 99% used [0x00000000ef100000,0x00000000ef5fcfa0,0x00000000ef600000)
  to   space 5120K, 0% used [0x00000000eec00000,0x00000000eec00000,0x00000000ef100000)
 ParOldGen       total 87552K, used 3543K [0x00000000c0000000, 0x00000000c5580000, 0x00000000eab00000)
  object space 87552K, 4% used [0x00000000c0000000,0x00000000c0375d70,0x00000000c5580000)
 Metaspace       used 6262K, capacity 7090K, committed 7296K, reserved 1056768K
  class space    used 605K, capacity 618K, committed 640K, reserved 1048576K
Event: 10.359 GC heap after
Heap after GC invocations=3 (full 0):
 PSYoungGen      total 71680K, used 5096K [0x00000000eab00000, 0x00000000f3700000, 0x0000000100000000)
  eden space 66560K, 0% used [0x00000000eab00000,0x00000000eab00000,0x00000000eec00000)
  from space 5120K, 99% used [0x00000000eec00000,0x00000000ef0fa2d0,0x00000000ef100000)
  to   space 5120K, 0% used [0x00000000f3200000,0x00000000f3200000,0x00000000f3700000)
 ParOldGen       total 87552K, used 12472K [0x00000000c0000000, 0x00000000c5580000, 0x00000000eab00000)
  object space 87552K, 14% used [0x00000000c0000000,0x00000000c0c2e200,0x00000000c5580000)
 Metaspace       used 6262K, capacity 7090K, committed 7296K, reserved 1056768K
  class space    used 605K, capacity 618K, committed 640K, reserved 1048576K
}
Event: 11.918 GC heap before
{Heap before GC invocations=4 (full 0):
 PSYoungGen      total 71680K, used 71656K [0x00000000eab00000, 0x00000000f3700000, 0x0000000100000000)
  eden space 66560K, 100% used [0x00000000eab00000,0x00000000eec00000,0x00000000eec00000)
  from space 5120K, 99% used [0x00000000eec00000,0x00000000ef0fa2d0,0x00000000ef100000)
  to   space 5120K, 0% used [0x00000000f3200000,0x00000000f3200000,0x00000000f3700000)
 ParOldGen       total 87552K, used 12472K [0x00000000c0000000, 0x00000000c5580000, 0x00000000eab00000)
  object space 87552K, 14% used [0x00000000c0000000,0x00000000c0c2e200,0x00000000c5580000)
 Metaspace       used 6363K, capacity 7154K, committed 7296K, reserved 1056768K
  class space    used 605K, capacity 618K, committed 640K, reserved 1048576K
Event: 11.977 GC heap after
Heap after GC invocations=4 (full 0):
 PSYoungGen      total 138240K, used 5099K [0x00000000eab00000, 0x00000000f3700000, 0x0000000100000000)
  eden space 133120K, 0% used [0x00000000eab00000,0x00000000eab00000,0x00000000f2d00000)
  from space 5120K, 99% used [0x00000000f3200000,0x00000000f36fad00,0x00000000f3700000)
  to   space 5120K, 0% used [0x00000000f2d00000,0x00000000f2d00000,0x00000000f3200000)
 ParOldGen       total 87552K, used 23509K [0x00000000c0000000, 0x00000000c5580000, 0x00000000eab00000)
  object space 87552K, 26% used [0x00000000c0000000,0x00000000c16f55f0,0x00000000c5580000)
 Metaspace       used 6363K, capacity 7154K, committed 7296K, reserved 1056768K
  class space    used 605K, capacity 618K, committed 640K, reserved 1048576K
}
Event: 13.205 GC heap before
{Heap before GC invocations=5 (full 0):
 PSYoungGen      total 138240K, used 138219K [0x00000000eab00000, 0x00000000f3700000, 0x0000000100000000)
  eden space 133120K, 100% used [0x00000000eab00000,0x00000000f2d00000,0x00000000f2d00000)
  from space 5120K, 99% used [0x00000000f3200000,0x00000000f36fad00,0x00000000f3700000)
  to   space 5120K, 0% used [0x00000000f2d00000,0x00000000f2d00000,0x00000000f3200000)
 ParOldGen       total 87552K, used 23509K [0x00000000c0000000, 0x00000000c5580000, 0x00000000eab00000)
  object space 87552K, 26% used [0x00000000c0000000,0x00000000c16f55f0,0x00000000c5580000)
 Metaspace       used 6548K, capacity 7256K, committed 7424K, reserved 1056768K
  class space    used 625K, capacity 656K, committed 768K, reserved 1048576K
Event: 13.306 GC heap after
Heap after GC invocations=5 (full 0):
 PSYoungGen      total 138240K, used 5113K [0x00000000eab00000, 0x00000000fe800000, 0x0000000100000000)
  eden space 133120K, 0% used [0x00000000eab00000,0x00000000eab00000,0x00000000f2d00000)
  from space 5120K, 99% used [0x00000000f2d00000,0x00000000f31fe4a0,0x00000000f3200000)
  to   space 29184K, 0% used [0x00000000fcb80000,0x00000000fcb80000,0x00000000fe800000)
 ParOldGen       total 87552K, used 45476K [0x00000000c0000000, 0x00000000c5580000, 0x00000000eab00000)
  object space 87552K, 51% used [0x00000000c0000000,0x00000000c2c69300,0x00000000c5580000)
 Metaspace       used 6548K, capacity 7256K, committed 7424K, reserved 1056768K
  class space    used 625K, capacity 656K, committed 768K, reserved 1048576K
}
Event: 13.973 GC heap before
{Heap before GC invocations=6 (full 0):
 PSYoungGen      total 138240K, used 138233K [0x00000000eab00000, 0x00000000fe800000, 0x0000000100000000)
  eden space 133120K, 100% used [0x00000000eab00000,0x00000000f2d00000,0x00000000f2d00000)
  from space 5120K, 99% used [0x00000000f2d00000,0x00000000f31fe4a0,0x00000000f3200000)
  to   space 29184K, 0% used [0x00000000fcb80000,0x00000000fcb80000,0x00000000fe800000)
 ParOldGen       total 87552K, used 45476K [0x00000000c0000000, 0x00000000c5580000, 0x00000000eab00000)
  object space 87552K, 51% used [0x00000000c0000000,0x00000000c2c69300,0x00000000c5580000)
 Metaspace       used 6563K, capacity 7256K, committed 7424K, reserved 1056768K
  class space    used 625K, capacity 656K, committed 768K, reserved 1048576K
Event: 14.054 GC heap after
Heap after GC invocations=6 (full 0):
 PSYoungGen      total 290816K, used 26665K [0x00000000eab00000, 0x00000000ff100000, 0x0000000100000000)
  eden space 261632K, 0% used [0x00000000eab00000,0x00000000eab00000,0x00000000faa80000)
  from space 29184K, 91% used [0x00000000fcb80000,0x00000000fe58a4f8,0x00000000fe800000)
  to   space 33792K, 0% used [0x00000000faa80000,0x00000000faa80000,0x00000000fcb80000)
 ParOldGen       total 87552K, used 45476K [0x00000000c0000000, 0x00000000c5580000, 0x00000000eab00000)
  object space 87552K, 51% used [0x00000000c0000000,0x00000000c2c69300,0x00000000c5580000)
 Metaspace       used 6563K, capacity 7256K, committed 7424K, reserved 1056768K
  class space    used 625K, capacity 656K, committed 768K, reserved 1048576K
}

Deoptimization events (10 events):
Event: 13.943 Thread 0x00000000173cf800 Uncommon trap: reason=unstable_if action=reinterpret pc=0x00000000036d9f78 method=java.util.HashMap.resize()[Ljava/util/HashMap$Node; @ 206
Event: 14.143 Thread 0x0000000002fb0800 Uncommon trap: reason=bimorphic action=maybe_recompile pc=0x0000000003b830dc method=com.android.dx.ssa.back.FirstFitLocalCombiningAllocator.findNextUnreservedRopReg(IILcom/android/dx/ssa/back/FirstFitLocalCombiningAllocator$Alignment;)I @ 6
Event: 14.354 Thread 0x00000000173cf800 Uncommon trap: reason=class_check action=maybe_recompile pc=0x0000000003a30460 method=com.android.dx.ssa.SCCP.replaceConstants()V @ 127
Event: 14.380 Thread 0x00000000173cf800 Uncommon trap: reason=class_check action=maybe_recompile pc=0x0000000003a30460 method=com.android.dx.ssa.SCCP.replaceConstants()V @ 127
Event: 14.388 Thread 0x0000000002fb0800 Uncommon trap: reason=class_check action=maybe_recompile pc=0x000000000359a308 method=java.util.Arrays.hashCode([Ljava/lang/Object;)I @ 43
Event: 14.388 Thread 0x0000000002fb0800 Uncommon trap: reason=class_check action=maybe_recompile pc=0x000000000359a308 method=java.util.Arrays.hashCode([Ljava/lang/Object;)I @ 43
Event: 14.389 Thread 0x0000000002fb0800 Uncommon trap: reason=class_check action=maybe_recompile pc=0x000000000359a308 method=java.util.Arrays.hashCode([Ljava/lang/Object;)I @ 43
Event: 14.389 Thread 0x0000000002fb0800 Uncommon trap: reason=class_check action=maybe_recompile pc=0x000000000359a308 method=java.util.Arrays.hashCode([Ljava/lang/Object;)I @ 43
Event: 14.389 Thread 0x0000000002fb0800 Uncommon trap: reason=class_check action=maybe_recompile pc=0x00000000035592b4 method=java.util.Arrays.hashCode([Ljava/lang/Object;)I @ 43
Event: 14.444 Thread 0x0000000002fb0800 Uncommon trap: reason=class_check action=maybe_recompile pc=0x0000000003596b88 method=java.util.HashMap.putVal(ILjava/lang/Object;Ljava/lang/Object;ZZ)Ljava/lang/Object; @ 203

Internal exceptions (6 events):
Event: 0.045 Thread 0x0000000002fb0800 Exception <a 'java/lang/NoSuchMethodError': Method sun.misc.Unsafe.defineClass(Ljava/lang/String;[BII)Ljava/lang/Class; name or signature does not match> (0x00000000eab07cc0) thrown at [D:\re\workspace\8-2-build-windows-amd64-cygwin\jdk8u92\6642\hotspot\sr­àb`B4§?
Event: 0.045 Thread 0x0000000002fb0800 Exception <a 'java/lang/NoSuchMethodError': Method sun.misc.Unsafe.prefetchRead(Ljava/lang/Object;J)V name or signature does not match> (0x00000000eab07fa8) thrown at [D:\re\workspace\8-2-build-windows-amd64-cygwin\jdk8u92\6642\hotspot\src\share\vm\prims\jŒC`>Ù(@
Event: 12.424 Thread 0x00000000173e2000 Implicit null exception at 0x000000000360fe2c to 0x0000000003611379
Event: 12.821 Thread 0x00000000173ce800 Exception <a 'java/lang/ArrayIndexOutOfBoundsException': 18> (0x00000000efa2f128) thrown at [D:\re\workspace\8-2-build-windows-amd64-cygwin\jdk8u92\6642\hotspot\src\share\vm\interpreter\interpreterRuntime.cpp, line 366]
Event: 12.821 Thread 0x00000000173ce800 Exception <a 'java/lang/ArrayIndexOutOfBoundsException': 145> (0x00000000efa30ca8) thrown at [D:\re\workspace\8-2-build-windows-amd64-cygwin\jdk8u92\6642\hotspot\src\share\vm\interpreter\interpreterRuntime.cpp, line 366]
Event: 12.823 Thread 0x00000000173ce800 Exception <a 'java/lang/ArrayIndexOutOfBoundsException': 40> (0x00000000efa31f90) thrown at [D:\re\workspace\8-2-build-windows-amd64-cygwin\jdk8u92\6642\hotspot\src\share\vm\interpreter\interpreterRuntime.cpp, line 366]

Events (10 events):
Event: 14.389 loading class com/android/dx/rop/cst/Zeroes
Event: 14.389 loading class com/android/dx/rop/cst/Zeroes done
Event: 14.389 Thread 0x00000000173cf800 Thread exited: 0x00000000173cf800
Event: 14.444 Thread 0x0000000002fb0800 Uncommon trap: trap_request=0xffffffde fr.pc=0x0000000003596b88
Event: 14.444 Thread 0x0000000002fb0800 DEOPT PACKING pc=0x0000000003596b88 sp=0x0000000002edf2c0
Event: 14.444 Thread 0x0000000002fb0800 DEOPT UNPACKING pc=0x00000000030f582a sp=0x0000000002edf1e0 mode 2
Event: 14.459 loading class com/android/dx/dex/file/CatchStructs
Event: 14.459 loading class com/android/dx/dex/file/CatchStructs done
Event: 14.505 Thread 0x0000000002fb0800 DEOPT PACKING pc=0x0000000003bfa3ea sp=0x0000000002edf2d0
Event: 14.505 Thread 0x0000000002fb0800 DEOPT UNPACKING pc=0x00000000030f787f sp=0x0000000002edf060 mode 0


Dynamic libraries:
0x00007ff63ed10000 - 0x00007ff63ed47000 	C:\Program Files\Java\jdk1.8.0_92\bin\java.exe
0x00007ffedf610000 - 0x00007ffedf7d1000 	C:\Windows\SYSTEM32\ntdll.dll
0x00007ffede920000 - 0x00007ffede9cd000 	C:\Windows\system32\KERNEL32.DLL
0x00007ffedbd10000 - 0x00007ffedbef8000 	C:\Windows\system32\KERNELBASE.dll
0x00007ffedcd10000 - 0x00007ffedcdb7000 	C:\Windows\system32\ADVAPI32.dll
0x00007ffede880000 - 0x00007ffede91d000 	C:\Windows\system32\msvcrt.dll
0x00007ffedccb0000 - 0x00007ffedcd0b000 	C:\Windows\system32\sechost.dll
0x00007ffedcf30000 - 0x00007ffedd04c000 	C:\Windows\system32\RPCRT4.dll
0x00007ffedcdd0000 - 0x00007ffedcf26000 	C:\Windows\system32\USER32.dll
0x00007ffedf320000 - 0x00007ffedf4a6000 	C:\Windows\system32\GDI32.dll
0x00007ffecce50000 - 0x00007ffecd0c4000 	C:\Windows\WinSxS\amd64_microsoft.windows.common-controls_6595b64144ccf1df_6.0.10586.494_none_a2d8b04ea53e3145\COMCTL32.dll
0x00007ffedca10000 - 0x00007ffedcc8d000 	C:\Windows\system32\combase.dll
0x00007ffedc160000 - 0x00007ffedc1ca000 	C:\Windows\system32\bcryptPrimitives.dll
0x00007ffedd1d0000 - 0x00007ffedd20b000 	C:\Windows\system32\IMM32.DLL
0x0000000071910000 - 0x00000000719e2000 	C:\Program Files\Java\jdk1.8.0_92\jre\bin\msvcr100.dll
0x00000000719f0000 - 0x0000000072286000 	C:\Program Files\Java\jdk1.8.0_92\jre\bin\server\jvm.dll
0x00007ffedeed0000 - 0x00007ffedeed8000 	C:\Windows\system32\PSAPI.DLL
0x00007ffec6d10000 - 0x00007ffec6d19000 	C:\Windows\SYSTEM32\WSOCK32.dll
0x00007ffedf2b0000 - 0x00007ffedf31b000 	C:\Windows\system32\WS2_32.dll
0x00007ffeda360000 - 0x00007ffeda383000 	C:\Windows\SYSTEM32\WINMM.dll
0x00007ffed4280000 - 0x00007ffed428a000 	C:\Windows\SYSTEM32\VERSION.dll
0x00007ffeda300000 - 0x00007ffeda32c000 	C:\Windows\SYSTEM32\WINMMBASE.dll
0x00007ffedbcc0000 - 0x00007ffedbd03000 	C:\Windows\system32\cfgmgr32.dll
0x0000000071900000 - 0x000000007190f000 	C:\Program Files\Java\jdk1.8.0_92\jre\bin\verify.dll
0x00000000718d0000 - 0x00000000718f9000 	C:\Program Files\Java\jdk1.8.0_92\jre\bin\java.dll
0x00000000718b0000 - 0x00000000718c6000 	C:\Program Files\Java\jdk1.8.0_92\jre\bin\zip.dll
0x00007ffedd270000 - 0x00007ffede7cc000 	C:\Windows\system32\SHELL32.dll
0x00007ffedc3a0000 - 0x00007ffedc9e5000 	C:\Windows\system32\windows.storage.dll
0x00007ffedf0a0000 - 0x00007ffedf0f2000 	C:\Windows\system32\shlwapi.dll
0x00007ffedbca0000 - 0x00007ffedbcaf000 	C:\Windows\system32\kernel.appcore.dll
0x00007ffedbf00000 - 0x00007ffedbfb5000 	C:\Windows\system32\shcore.dll
0x00007ffedbc30000 - 0x00007ffedbc7b000 	C:\Windows\system32\powrprof.dll
0x00007ffedbc80000 - 0x00007ffedbc94000 	C:\Windows\system32\profapi.dll

VM Arguments:
jvm_args: -Djava.awt.headless=true -Xmx1024M -Dfile.encoding=windows-1251 -Duser.country=US -Duser.language=en -Duser.variant 
java_command: com.android.dx.command.Main --dex --force-jumbo --num-threads=4 --output E:\Android\Projects\SeedeCommerce\app\build\intermediates\pre-dexed\facebook\debug\com.android.support-support-v4-24.1.1_aca27d25c69c67a062bf1c0b141cc5a8227d58ae.jar E:\Android\Projects\SeedeCommerce\app\build\intermediates\exploded-aar\com.android.support\support-v4\24.1.1\jars\classes.jar
java_class_path (initial): E:\Android\Android_SDK\build-tools\24.0.0\lib\dx.jar
Launcher Type: SUN_STANDARD

Environment Variables:
PATH=C:\ProgramData\Oracle\Java\javapath;C:\Windows\system32;C:\Windows;C:\Windows\System32\Wbem;C:\Windows\System32\WindowsPowerShell\v1.0\;C:\Program Files\Git\cmd;C:\Program Files (x86)\Skype\Phone\
USERNAME=andre
OS=Windows_NT
PROCESSOR_IDENTIFIER=Intel64 Family 6 Model 42 Stepping 7, GenuineIntel



---------------  S Y S T E M  ---------------

OS: Windows 10.0 , 64 bit Build 10586 (10.0.10586.0)

CPU:total 4 (2 cores per cpu, 2 threads per core) family 6 model 42 stepping 7, cmov, cx8, fxsr, mmx, sse, sse2, sse3, ssse3, sse4.1, sse4.2, popcnt, avx, aes, clmul, ht, tsc, tscinvbit

Memory: 4k page, physical 8266680k(324972k free), swap 17495732k(5544k free)

vm_info: Java HotSpot(TM) 64-Bit Server VM (25.92-b14) for windows-amd64 JRE (1.8.0_92-b14), built on Mar 31 2016 21:03:04 by "java_re" with MS VC++ 10.0 (VS2010)

time: Wed Aug 24 14:46:34 2016
elapsed time: 15 seconds (0d 0h 0m 15s)

